<?xml version="1.0" encoding="UTF-8"?>
<robot generator="Robot 4.1.2 (Python 3.10.0 on win32)" generated="20211021 10:35:58.530" rpa="false" schemaversion="2">
<suite id="s1" name="Test" source="c:\emix\robot\test.robot">
<test id="s1-t1" name="Deve retornar mensagem de boas vindas">
<kw name="Welcome" library="app">
<var>${result}</var>
<arg>Samuel</arg>
<msg timestamp="20211021 10:35:58.557" level="INFO">${result} = Olá Samuel, bem vindo ao curso básico de Robot Framework!</msg>
<status status="PASS" starttime="20211021 10:35:58.557" endtime="20211021 10:35:58.557"/>
</kw>
<kw name="Should Be Equal" library="BuiltIn">
<arg>${result}</arg>
<arg>Olá Samuel, bem vindo ao curso básico de Robot Framework!</arg>
<doc>Fails if the given objects are unequal.</doc>
<status status="PASS" starttime="20211021 10:35:58.558" endtime="20211021 10:35:58.558"/>
</kw>
<status status="PASS" starttime="20211021 10:35:58.557" endtime="20211021 10:35:58.558"/>
</test>
<status status="PASS" starttime="20211021 10:35:58.531" endtime="20211021 10:35:58.560"/>
</suite>
<statistics>
<total>
<stat pass="1" fail="0" skip="0">All Tests</stat>
</total>
<tag>
</tag>
<suite>
<stat pass="1" fail="0" skip="0" id="s1" name="Test">Test</stat>
</suite>
</statistics>
<errors>
</errors>
</robot>
