<?xml version="1.0" encoding="UTF-8"?>
<robot generator="Robot 4.1.2 (Python 3.10.0 on win32)" generated="20211026 15:41:42.218" rpa="false" schemaversion="2">
<suite id="s1" name="Login" source="C:\Users\Samuel\Desktop\Robot Framework\web\tests\login.robot">
<test id="s1-t1" name="Login com sucesso">
<kw name="Nova sessão" library="base" type="SETUP">
<kw name="Open Browser" library="SeleniumLibrary">
<arg>${url}</arg>
<arg>${browser}</arg>
<doc>Opens a new browser instance to the optional ``url``.</doc>
<msg timestamp="20211026 15:41:42.460" level="INFO">Opening browser 'chrome' to base url 'https://homologacao.follownet.com.br/'.</msg>
<status status="PASS" starttime="20211026 15:41:42.459" endtime="20211026 15:41:44.845"/>
</kw>
<kw name="Maximize Browser Window" library="SeleniumLibrary">
<doc>Maximizes current browser window.</doc>
<status status="PASS" starttime="20211026 15:41:44.845" endtime="20211026 15:41:44.958"/>
</kw>
<status status="PASS" starttime="20211026 15:41:42.459" endtime="20211026 15:41:44.958"/>
</kw>
<kw name="Go To" library="SeleniumLibrary">
<arg>${url}</arg>
<doc>Navigates the current browser window to the provided ``url``.</doc>
<msg timestamp="20211026 15:41:44.959" level="INFO">Opening url 'https://homologacao.follownet.com.br/'</msg>
<status status="PASS" starttime="20211026 15:41:44.959" endtime="20211026 15:41:45.435"/>
</kw>
<kw name="Select Frame" library="SeleniumLibrary">
<arg>xpath=/html/frameset/frame[2]</arg>
<doc>Sets frame identified by ``locator`` as the current frame.</doc>
<msg timestamp="20211026 15:41:45.436" level="INFO">Selecting frame 'xpath=/html/frameset/frame[2]'.</msg>
<status status="PASS" starttime="20211026 15:41:45.435" endtime="20211026 15:41:45.460"/>
</kw>
<kw name="Login com">
<arg>samuel.andrade@emix.com.br</arg>
<arg>eMix@SA#2021</arg>
<kw name="Input Text" library="SeleniumLibrary">
<arg>css:input[name=username]</arg>
<arg>${uname}</arg>
<doc>Types the given ``text`` into the text field identified by ``locator``.</doc>
<msg timestamp="20211026 15:41:45.461" level="INFO">Typing text 'samuel.andrade@emix.com.br' into text field 'css:input[name=username]'.</msg>
<status status="PASS" starttime="20211026 15:41:45.460" endtime="20211026 15:41:45.521"/>
</kw>
<kw name="Input Text" library="SeleniumLibrary">
<arg>css:input[name=password]</arg>
<arg>${pass}</arg>
<doc>Types the given ``text`` into the text field identified by ``locator``.</doc>
<msg timestamp="20211026 15:41:45.522" level="INFO">Typing text 'eMix@SA#2021' into text field 'css:input[name=password]'.</msg>
<status status="PASS" starttime="20211026 15:41:45.521" endtime="20211026 15:41:45.585"/>
</kw>
<kw name="Click Element" library="SeleniumLibrary">
<arg>class:botao</arg>
<doc>Click the element identified by ``locator``.</doc>
<msg timestamp="20211026 15:41:45.585" level="INFO">Clicking element 'class:botao'.</msg>
<status status="PASS" starttime="20211026 15:41:45.585" endtime="20211026 15:41:45.648"/>
</kw>
<status status="PASS" starttime="20211026 15:41:45.460" endtime="20211026 15:41:45.648"/>
</kw>
<kw name="Wait Until Page Contains" library="SeleniumLibrary">
<arg>usuário ativo</arg>
<doc>Waits until ``text`` appears on the current page.</doc>
<status status="PASS" starttime="20211026 15:41:45.648" endtime="20211026 15:41:48.214"/>
</kw>
<kw name="Page Should Contain" library="SeleniumLibrary">
<arg>usuário ativo</arg>
<doc>Verifies that current page contains ``text``.</doc>
<msg timestamp="20211026 15:41:48.273" level="INFO">Current page contains text 'usuário ativo'.</msg>
<status status="PASS" starttime="20211026 15:41:48.215" endtime="20211026 15:41:48.273"/>
</kw>
<kw name="Encerra sessão" library="base" type="TEARDOWN">
<kw name="Capture Page Screenshot" library="SeleniumLibrary">
<doc>Takes a screenshot of the current page and embeds it into a log file.</doc>
<msg timestamp="20211026 15:41:48.455" level="INFO" html="true">&lt;/td&gt;&lt;/tr&gt;&lt;tr&gt;&lt;td colspan="3"&gt;&lt;a href="selenium-screenshot-1.png"&gt;&lt;img src="selenium-screenshot-1.png" width="800px"&gt;&lt;/a&gt;</msg>
<status status="PASS" starttime="20211026 15:41:48.274" endtime="20211026 15:41:48.455"/>
</kw>
<kw name="Close Browser" library="SeleniumLibrary">
<doc>Closes the current browser.</doc>
<status status="PASS" starttime="20211026 15:41:48.455" endtime="20211026 15:41:50.542"/>
</kw>
<status status="PASS" starttime="20211026 15:41:48.274" endtime="20211026 15:41:50.542"/>
</kw>
<tag>login_sucesso</tag>
<status status="PASS" starttime="20211026 15:41:42.458" endtime="20211026 15:41:50.543"/>
</test>
<test id="s1-t2" name="Usuario ou senha invalidos">
<kw name="Nova sessão" library="base" type="SETUP">
<kw name="Open Browser" library="SeleniumLibrary">
<arg>${url}</arg>
<arg>${browser}</arg>
<doc>Opens a new browser instance to the optional ``url``.</doc>
<msg timestamp="20211026 15:41:50.545" level="INFO">Opening browser 'chrome' to base url 'https://homologacao.follownet.com.br/'.</msg>
<status status="PASS" starttime="20211026 15:41:50.545" endtime="20211026 15:41:52.858"/>
</kw>
<kw name="Maximize Browser Window" library="SeleniumLibrary">
<doc>Maximizes current browser window.</doc>
<status status="PASS" starttime="20211026 15:41:52.858" endtime="20211026 15:41:52.979"/>
</kw>
<status status="PASS" starttime="20211026 15:41:50.545" endtime="20211026 15:41:52.979"/>
</kw>
<kw name="Go To" library="SeleniumLibrary">
<arg>${url}</arg>
<doc>Navigates the current browser window to the provided ``url``.</doc>
<msg timestamp="20211026 15:41:52.980" level="INFO">Opening url 'https://homologacao.follownet.com.br/'</msg>
<status status="PASS" starttime="20211026 15:41:52.979" endtime="20211026 15:41:53.510"/>
</kw>
<kw name="Select Frame" library="SeleniumLibrary">
<arg>xpath=/html/frameset/frame[2]</arg>
<doc>Sets frame identified by ``locator`` as the current frame.</doc>
<msg timestamp="20211026 15:41:53.511" level="INFO">Selecting frame 'xpath=/html/frameset/frame[2]'.</msg>
<status status="PASS" starttime="20211026 15:41:53.511" endtime="20211026 15:41:53.535"/>
</kw>
<kw name="Login com">
<arg>samuel.andrade@emix.com.br</arg>
<arg>teste</arg>
<kw name="Input Text" library="SeleniumLibrary">
<arg>css:input[name=username]</arg>
<arg>${uname}</arg>
<doc>Types the given ``text`` into the text field identified by ``locator``.</doc>
<msg timestamp="20211026 15:41:53.536" level="INFO">Typing text 'samuel.andrade@emix.com.br' into text field 'css:input[name=username]'.</msg>
<status status="PASS" starttime="20211026 15:41:53.535" endtime="20211026 15:41:53.599"/>
</kw>
<kw name="Input Text" library="SeleniumLibrary">
<arg>css:input[name=password]</arg>
<arg>${pass}</arg>
<doc>Types the given ``text`` into the text field identified by ``locator``.</doc>
<msg timestamp="20211026 15:41:53.599" level="INFO">Typing text 'teste' into text field 'css:input[name=password]'.</msg>
<status status="PASS" starttime="20211026 15:41:53.599" endtime="20211026 15:41:53.660"/>
</kw>
<kw name="Click Element" library="SeleniumLibrary">
<arg>class:botao</arg>
<doc>Click the element identified by ``locator``.</doc>
<msg timestamp="20211026 15:41:53.660" level="INFO">Clicking element 'class:botao'.</msg>
<status status="PASS" starttime="20211026 15:41:53.660" endtime="20211026 15:41:53.723"/>
</kw>
<status status="PASS" starttime="20211026 15:41:53.535" endtime="20211026 15:41:53.723"/>
</kw>
<kw name="Wait Until Page Contains" library="SeleniumLibrary">
<arg>Suporte as mensagens do serviço</arg>
<doc>Waits until ``text`` appears on the current page.</doc>
<status status="PASS" starttime="20211026 15:41:53.724" endtime="20211026 15:41:54.789"/>
</kw>
<kw name="Page Should Contain" library="SeleniumLibrary">
<arg>Usuário ou senha digitados incorretamente.</arg>
<doc>Verifies that current page contains ``text``.</doc>
<msg timestamp="20211026 15:41:54.846" level="INFO">Current page contains text 'Usuário ou senha digitados incorretamente.'.</msg>
<status status="PASS" starttime="20211026 15:41:54.790" endtime="20211026 15:41:54.846"/>
</kw>
<kw name="Encerra sessão" library="base" type="TEARDOWN">
<kw name="Capture Page Screenshot" library="SeleniumLibrary">
<doc>Takes a screenshot of the current page and embeds it into a log file.</doc>
<msg timestamp="20211026 15:41:54.959" level="INFO" html="true">&lt;/td&gt;&lt;/tr&gt;&lt;tr&gt;&lt;td colspan="3"&gt;&lt;a href="selenium-screenshot-2.png"&gt;&lt;img src="selenium-screenshot-2.png" width="800px"&gt;&lt;/a&gt;</msg>
<status status="PASS" starttime="20211026 15:41:54.848" endtime="20211026 15:41:54.960"/>
</kw>
<kw name="Close Browser" library="SeleniumLibrary">
<doc>Closes the current browser.</doc>
<status status="PASS" starttime="20211026 15:41:54.960" endtime="20211026 15:41:57.040"/>
</kw>
<status status="PASS" starttime="20211026 15:41:54.847" endtime="20211026 15:41:57.040"/>
</kw>
<tag>dados_invalidos</tag>
<status status="PASS" starttime="20211026 15:41:50.544" endtime="20211026 15:41:57.040"/>
</test>
<status status="PASS" starttime="20211026 15:41:42.220" endtime="20211026 15:41:57.041"/>
</suite>
<statistics>
<total>
<stat pass="2" fail="0" skip="0">All Tests</stat>
</total>
<tag>
<stat pass="1" fail="0" skip="0">dados_invalidos</stat>
<stat pass="1" fail="0" skip="0">login_sucesso</stat>
</tag>
<suite>
<stat pass="2" fail="0" skip="0" id="s1" name="Login">Login</stat>
</suite>
</statistics>
<errors>
</errors>
</robot>
